\BOOKMARK [1][-]{section.1}{\376\377\0001\000\040\000I\000n\000d\000e\000x\000\040\000d\000e\000s\000\040\000c\000l\000a\000s\000s\000e\000s}{}% 1
\BOOKMARK [2][-]{subsection.1.1}{\376\377\0001\000.\0001\000\040\000L\000i\000s\000t\000e\000\040\000d\000e\000s\000\040\000c\000l\000a\000s\000s\000e\000s}{section.1}% 2
\BOOKMARK [1][-]{section.2}{\376\377\0002\000\040\000I\000n\000d\000e\000x\000\040\000d\000e\000s\000\040\000f\000i\000c\000h\000i\000e\000r\000s}{}% 3
\BOOKMARK [2][-]{subsection.2.1}{\376\377\0002\000.\0001\000\040\000L\000i\000s\000t\000e\000\040\000d\000e\000s\000\040\000f\000i\000c\000h\000i\000e\000r\000s}{section.2}% 4
\BOOKMARK [1][-]{section.3}{\376\377\0003\000\040\000D\000o\000c\000u\000m\000e\000n\000t\000a\000t\000i\000o\000n\000\040\000d\000e\000s\000\040\000c\000l\000a\000s\000s\000e\000s}{}% 5
\BOOKMARK [2][-]{subsection.3.1}{\376\377\0003\000.\0001\000\040\000R\000\351\000f\000\351\000r\000e\000n\000c\000e\000\040\000d\000e\000\040\000l\000a\000\040\000c\000l\000a\000s\000s\000e\000\040\000A\000d\000d\000r\000S\000p\000a\000c\000e}{section.3}% 6
\BOOKMARK [3][-]{subsubsection.3.1.1}{\376\377\0003\000.\0001\000.\0001\000\040\000D\000o\000c\000u\000m\000e\000n\000t\000a\000t\000i\000o\000n\000\040\000d\000e\000s\000\040\000f\000o\000n\000c\000t\000i\000o\000n\000s\000\040\000m\000e\000m\000b\000r\000e\000s}{subsection.3.1}% 7
\BOOKMARK [2][-]{subsection.3.2}{\376\377\0003\000.\0002\000\040\000R\000\351\000f\000\351\000r\000e\000n\000c\000e\000\040\000d\000e\000\040\000l\000a\000\040\000s\000t\000r\000u\000c\000t\000u\000r\000e\000\040\000a\000o\000u\000t\000h\000d\000r}{section.3}% 8
\BOOKMARK [2][-]{subsection.3.3}{\376\377\0003\000.\0003\000\040\000R\000\351\000f\000\351\000r\000e\000n\000c\000e\000\040\000d\000e\000\040\000l\000a\000\040\000s\000t\000r\000u\000c\000t\000u\000r\000e\000\040\000a\000r\000g\000R\000e\000t\000p\000a\000r\000a\000m\000s}{section.3}% 9
\BOOKMARK [2][-]{subsection.3.4}{\376\377\0003\000.\0004\000\040\000R\000\351\000f\000\351\000r\000e\000n\000c\000e\000\040\000d\000e\000\040\000l\000a\000\040\000c\000l\000a\000s\000s\000e\000\040\000B\000i\000t\000M\000a\000p}{section.3}% 10
\BOOKMARK [2][-]{subsection.3.5}{\376\377\0003\000.\0005\000\040\000R\000\351\000f\000\351\000r\000e\000n\000c\000e\000\040\000d\000e\000\040\000l\000a\000\040\000s\000t\000r\000u\000c\000t\000u\000r\000e\000\040\000c\000o\000m\000p\000t\000e\000u\000r\000V\000e\000r\000r\000o\000u}{section.3}% 11
\BOOKMARK [2][-]{subsection.3.6}{\376\377\0003\000.\0006\000\040\000R\000\351\000f\000\351\000r\000e\000n\000c\000e\000\040\000d\000e\000\040\000l\000a\000\040\000c\000l\000a\000s\000s\000e\000\040\000C\000o\000n\000d\000i\000t\000i\000o\000n}{section.3}% 12
\BOOKMARK [3][-]{subsubsection.3.6.1}{\376\377\0003\000.\0006\000.\0001\000\040\000D\000o\000c\000u\000m\000e\000n\000t\000a\000t\000i\000o\000n\000\040\000d\000e\000s\000\040\000c\000o\000n\000s\000t\000r\000u\000c\000t\000e\000u\000r\000s\000\040\000e\000t\000\040\000d\000e\000s\000t\000r\000u\000c\000t\000e\000u\000r}{subsection.3.6}% 13
\BOOKMARK [3][-]{subsubsection.3.6.2}{\376\377\0003\000.\0006\000.\0002\000\040\000D\000o\000c\000u\000m\000e\000n\000t\000a\000t\000i\000o\000n\000\040\000d\000e\000s\000\040\000f\000o\000n\000c\000t\000i\000o\000n\000s\000\040\000m\000e\000m\000b\000r\000e\000s}{subsection.3.6}% 14
\BOOKMARK [2][-]{subsection.3.7}{\376\377\0003\000.\0007\000\040\000R\000\351\000f\000\351\000r\000e\000n\000c\000e\000\040\000d\000e\000\040\000l\000a\000\040\000c\000l\000a\000s\000s\000e\000\040\000C\000o\000n\000s\000o\000l\000e}{section.3}% 15
\BOOKMARK [2][-]{subsection.3.8}{\376\377\0003\000.\0008\000\040\000R\000\351\000f\000\351\000r\000e\000n\000c\000e\000\040\000d\000e\000\040\000l\000a\000\040\000s\000t\000r\000u\000c\000t\000u\000r\000e\000\040\000d\000a\000t\000a}{section.3}% 16
\BOOKMARK [2][-]{subsection.3.9}{\376\377\0003\000.\0009\000\040\000R\000\351\000f\000\351\000r\000e\000n\000c\000e\000\040\000d\000e\000\040\000l\000a\000\040\000c\000l\000a\000s\000s\000e\000\040\000D\000i\000r\000e\000c\000t\000o\000r\000y}{section.3}% 17
\BOOKMARK [3][-]{subsubsection.3.9.1}{\376\377\0003\000.\0009\000.\0001\000\040\000D\000o\000c\000u\000m\000e\000n\000t\000a\000t\000i\000o\000n\000\040\000d\000e\000s\000\040\000f\000o\000n\000c\000t\000i\000o\000n\000s\000\040\000m\000e\000m\000b\000r\000e\000s}{subsection.3.9}% 18
\BOOKMARK [2][-]{subsection.3.10}{\376\377\0003\000.\0001\0000\000\040\000R\000\351\000f\000\351\000r\000e\000n\000c\000e\000\040\000d\000e\000\040\000l\000a\000\040\000c\000l\000a\000s\000s\000e\000\040\000D\000i\000r\000e\000c\000t\000o\000r\000y\000E\000n\000t\000r\000y}{section.3}% 19
\BOOKMARK [2][-]{subsection.3.11}{\376\377\0003\000.\0001\0001\000\040\000R\000\351\000f\000\351\000r\000e\000n\000c\000e\000\040\000d\000e\000\040\000l\000a\000\040\000c\000l\000a\000s\000s\000e\000\040\000D\000i\000s\000k}{section.3}% 20
\BOOKMARK [2][-]{subsection.3.12}{\376\377\0003\000.\0001\0002\000\040\000R\000\351\000f\000\351\000r\000e\000n\000c\000e\000\040\000d\000e\000\040\000l\000a\000\040\000s\000t\000r\000u\000c\000t\000u\000r\000e\000\040\000f\000i\000l\000e\000h\000d\000r}{section.3}% 21
\BOOKMARK [2][-]{subsection.3.13}{\376\377\0003\000.\0001\0003\000\040\000R\000\351\000f\000\351\000r\000e\000n\000c\000e\000\040\000d\000e\000\040\000l\000a\000\040\000c\000l\000a\000s\000s\000e\000\040\000F\000i\000l\000e\000H\000e\000a\000d\000e\000r}{section.3}% 22
\BOOKMARK [3][-]{subsubsection.3.13.1}{\376\377\0003\000.\0001\0003\000.\0001\000\040\000D\000o\000c\000u\000m\000e\000n\000t\000a\000t\000i\000o\000n\000\040\000d\000e\000s\000\040\000f\000o\000n\000c\000t\000i\000o\000n\000s\000\040\000m\000e\000m\000b\000r\000e\000s}{subsection.3.13}% 23
\BOOKMARK [2][-]{subsection.3.14}{\376\377\0003\000.\0001\0004\000\040\000R\000\351\000f\000\351\000r\000e\000n\000c\000e\000\040\000d\000e\000\040\000l\000a\000\040\000c\000l\000a\000s\000s\000e\000\040\000F\000i\000l\000e\000M\000a\000p}{section.3}% 24
\BOOKMARK [3][-]{subsubsection.3.14.1}{\376\377\0003\000.\0001\0004\000.\0001\000\040\000D\000o\000c\000u\000m\000e\000n\000t\000a\000t\000i\000o\000n\000\040\000d\000e\000s\000\040\000f\000o\000n\000c\000t\000i\000o\000n\000s\000\040\000m\000e\000m\000b\000r\000e\000s}{subsection.3.14}% 25
\BOOKMARK [2][-]{subsection.3.15}{\376\377\0003\000.\0001\0005\000\040\000R\000\351\000f\000\351\000r\000e\000n\000c\000e\000\040\000d\000e\000\040\000l\000a\000\040\000c\000l\000a\000s\000s\000e\000\040\000F\000i\000l\000e\000S\000y\000s\000t\000e\000m}{section.3}% 26
\BOOKMARK [3][-]{subsubsection.3.15.1}{\376\377\0003\000.\0001\0005\000.\0001\000\040\000D\000o\000c\000u\000m\000e\000n\000t\000a\000t\000i\000o\000n\000\040\000d\000e\000s\000\040\000f\000o\000n\000c\000t\000i\000o\000n\000s\000\040\000m\000e\000m\000b\000r\000e\000s}{subsection.3.15}% 27
\BOOKMARK [2][-]{subsection.3.16}{\376\377\0003\000.\0001\0006\000\040\000R\000\351\000f\000\351\000r\000e\000n\000c\000e\000\040\000d\000e\000\040\000l\000a\000\040\000c\000l\000a\000s\000s\000e\000\040\000F\000r\000a\000m\000e\000P\000r\000o\000v\000i\000d\000e\000r}{section.3}% 28
\BOOKMARK [3][-]{subsubsection.3.16.1}{\376\377\0003\000.\0001\0006\000.\0001\000\040\000D\000e\000s\000c\000r\000i\000p\000t\000i\000o\000n\000\040\000d\000\351\000t\000a\000i\000l\000l\000\351\000e}{subsection.3.16}% 29
\BOOKMARK [3][-]{subsubsection.3.16.2}{\376\377\0003\000.\0001\0006\000.\0002\000\040\000D\000o\000c\000u\000m\000e\000n\000t\000a\000t\000i\000o\000n\000\040\000d\000e\000s\000\040\000f\000o\000n\000c\000t\000i\000o\000n\000s\000\040\000m\000e\000m\000b\000r\000e\000s}{subsection.3.16}% 30
\BOOKMARK [2][-]{subsection.3.17}{\376\377\0003\000.\0001\0007\000\040\000R\000\351\000f\000\351\000r\000e\000n\000c\000e\000\040\000d\000e\000\040\000l\000a\000\040\000c\000l\000a\000s\000s\000e\000\040\000I\000n\000s\000t\000r\000u\000c\000t\000i\000o\000n}{section.3}% 31
\BOOKMARK [2][-]{subsection.3.18}{\376\377\0003\000.\0001\0008\000\040\000R\000\351\000f\000\351\000r\000e\000n\000c\000e\000\040\000d\000e\000\040\000l\000a\000\040\000c\000l\000a\000s\000s\000e\000\040\000I\000n\000t\000e\000r\000r\000u\000p\000t}{section.3}% 32
\BOOKMARK [2][-]{subsection.3.19}{\376\377\0003\000.\0001\0009\000\040\000R\000\351\000f\000\351\000r\000e\000n\000c\000e\000\040\000d\000e\000\040\000l\000a\000\040\000c\000l\000a\000s\000s\000e\000\040\000L\000i\000s\000t}{section.3}% 33
\BOOKMARK [2][-]{subsection.3.20}{\376\377\0003\000.\0002\0000\000\040\000R\000\351\000f\000\351\000r\000e\000n\000c\000e\000\040\000d\000e\000\040\000l\000a\000\040\000c\000l\000a\000s\000s\000e\000\040\000L\000i\000s\000t\000E\000l\000e\000m\000e\000n\000t}{section.3}% 34
\BOOKMARK [2][-]{subsection.3.21}{\376\377\0003\000.\0002\0001\000\040\000R\000\351\000f\000\351\000r\000e\000n\000c\000e\000\040\000d\000e\000\040\000l\000a\000\040\000c\000l\000a\000s\000s\000e\000\040\000L\000o\000c\000k}{section.3}% 35
\BOOKMARK [3][-]{subsubsection.3.21.1}{\376\377\0003\000.\0002\0001\000.\0001\000\040\000D\000o\000c\000u\000m\000e\000n\000t\000a\000t\000i\000o\000n\000\040\000d\000e\000s\000\040\000c\000o\000n\000s\000t\000r\000u\000c\000t\000e\000u\000r\000s\000\040\000e\000t\000\040\000d\000e\000s\000t\000r\000u\000c\000t\000e\000u\000r}{subsection.3.21}% 36
\BOOKMARK [3][-]{subsubsection.3.21.2}{\376\377\0003\000.\0002\0001\000.\0002\000\040\000D\000o\000c\000u\000m\000e\000n\000t\000a\000t\000i\000o\000n\000\040\000d\000e\000s\000\040\000f\000o\000n\000c\000t\000i\000o\000n\000s\000\040\000m\000e\000m\000b\000r\000e\000s}{subsection.3.21}% 37
\BOOKMARK [2][-]{subsection.3.22}{\376\377\0003\000.\0002\0002\000\040\000R\000\351\000f\000\351\000r\000e\000n\000c\000e\000\040\000d\000e\000\040\000l\000a\000\040\000c\000l\000a\000s\000s\000e\000\040\000M\000a\000c\000h\000i\000n\000e}{section.3}% 38
\BOOKMARK [2][-]{subsection.3.23}{\376\377\0003\000.\0002\0003\000\040\000R\000\351\000f\000\351\000r\000e\000n\000c\000e\000\040\000d\000e\000\040\000l\000a\000\040\000c\000l\000a\000s\000s\000e\000\040\000M\000a\000i\000l}{section.3}% 39
\BOOKMARK [2][-]{subsection.3.24}{\376\377\0003\000.\0002\0004\000\040\000R\000\351\000f\000\351\000r\000e\000n\000c\000e\000\040\000d\000e\000\040\000l\000a\000\040\000c\000l\000a\000s\000s\000e\000\040\000M\000a\000i\000l\000B\000o\000x}{section.3}% 40
\BOOKMARK [2][-]{subsection.3.25}{\376\377\0003\000.\0002\0005\000\040\000R\000\351\000f\000\351\000r\000e\000n\000c\000e\000\040\000d\000e\000\040\000l\000a\000\040\000c\000l\000a\000s\000s\000e\000\040\000M\000a\000i\000l\000H\000e\000a\000d\000e\000r}{section.3}% 41
\BOOKMARK [2][-]{subsection.3.26}{\376\377\0003\000.\0002\0006\000\040\000R\000\351\000f\000\351\000r\000e\000n\000c\000e\000\040\000d\000e\000\040\000l\000a\000\040\000c\000l\000a\000s\000s\000e\000\040\000N\000e\000t\000w\000o\000r\000k}{section.3}% 42
\BOOKMARK [2][-]{subsection.3.27}{\376\377\0003\000.\0002\0007\000\040\000R\000\351\000f\000\351\000r\000e\000n\000c\000e\000\040\000d\000e\000\040\000l\000a\000\040\000s\000t\000r\000u\000c\000t\000u\000r\000e\000\040\000n\000o\000f\000f\000H\000e\000a\000d\000e\000r}{section.3}% 43
\BOOKMARK [2][-]{subsection.3.28}{\376\377\0003\000.\0002\0008\000\040\000R\000\351\000f\000\351\000r\000e\000n\000c\000e\000\040\000d\000e\000\040\000l\000a\000\040\000c\000l\000a\000s\000s\000e\000\040\000O\000p\000e\000n\000F\000i\000l\000e}{section.3}% 44
\BOOKMARK [2][-]{subsection.3.29}{\376\377\0003\000.\0002\0009\000\040\000R\000\351\000f\000\351\000r\000e\000n\000c\000e\000\040\000d\000e\000\040\000l\000a\000\040\000s\000t\000r\000u\000c\000t\000u\000r\000e\000\040\000O\000p\000I\000n\000f\000o}{section.3}% 45
\BOOKMARK [2][-]{subsection.3.30}{\376\377\0003\000.\0003\0000\000\040\000R\000\351\000f\000\351\000r\000e\000n\000c\000e\000\040\000d\000e\000\040\000l\000a\000\040\000s\000t\000r\000u\000c\000t\000u\000r\000e\000\040\000O\000p\000S\000t\000r\000i\000n\000g}{section.3}% 46
\BOOKMARK [2][-]{subsection.3.31}{\376\377\0003\000.\0003\0001\000\040\000R\000\351\000f\000\351\000r\000e\000n\000c\000e\000\040\000d\000e\000\040\000l\000a\000\040\000s\000t\000r\000u\000c\000t\000u\000r\000e\000\040\000P\000a\000c\000k\000e\000t\000C\000o\000n\000t\000e\000x\000t}{section.3}% 47
\BOOKMARK [2][-]{subsection.3.32}{\376\377\0003\000.\0003\0002\000\040\000R\000\351\000f\000\351\000r\000e\000n\000c\000e\000\040\000d\000e\000\040\000l\000a\000\040\000c\000l\000a\000s\000s\000e\000\040\000P\000a\000c\000k\000e\000t\000H\000e\000a\000d\000e\000r}{section.3}% 48
\BOOKMARK [2][-]{subsection.3.33}{\376\377\0003\000.\0003\0003\000\040\000R\000\351\000f\000\351\000r\000e\000n\000c\000e\000\040\000d\000e\000\040\000l\000a\000\040\000s\000t\000r\000u\000c\000t\000u\000r\000e\000\040\000P\000a\000c\000k\000e\000t\000H\000e\000a\000d\000e\000r\000R\000e\000l\000i\000a\000b\000l\000e}{section.3}% 49
\BOOKMARK [2][-]{subsection.3.34}{\376\377\0003\000.\0003\0004\000\040\000R\000\351\000f\000\351\000r\000e\000n\000c\000e\000\040\000d\000e\000\040\000l\000a\000\040\000c\000l\000a\000s\000s\000e\000\040\000P\000a\000q\000u\000e\000t}{section.3}% 50
\BOOKMARK [2][-]{subsection.3.35}{\376\377\0003\000.\0003\0005\000\040\000R\000\351\000f\000\351\000r\000e\000n\000c\000e\000\040\000d\000e\000\040\000l\000a\000\040\000c\000l\000a\000s\000s\000e\000\040\000P\000e\000n\000d\000i\000n\000g\000I\000n\000t\000e\000r\000r\000u\000p\000t}{section.3}% 51
\BOOKMARK [2][-]{subsection.3.36}{\376\377\0003\000.\0003\0006\000\040\000R\000\351\000f\000\351\000r\000e\000n\000c\000e\000\040\000d\000e\000\040\000l\000a\000\040\000c\000l\000a\000s\000s\000e\000\040\000P\000o\000s\000t\000O\000f\000f\000i\000c\000e}{section.3}% 52
\BOOKMARK [2][-]{subsection.3.37}{\376\377\0003\000.\0003\0007\000\040\000R\000\351\000f\000\351\000r\000e\000n\000c\000e\000\040\000d\000e\000\040\000l\000a\000\040\000c\000l\000a\000s\000s\000e\000\040\000R\000e\000l\000i\000a\000b\000l\000e\000N\000e\000t}{section.3}% 53
\BOOKMARK [3][-]{subsubsection.3.37.1}{\376\377\0003\000.\0003\0007\000.\0001\000\040\000D\000o\000c\000u\000m\000e\000n\000t\000a\000t\000i\000o\000n\000\040\000d\000e\000s\000\040\000c\000o\000n\000s\000t\000r\000u\000c\000t\000e\000u\000r\000s\000\040\000e\000t\000\040\000d\000e\000s\000t\000r\000u\000c\000t\000e\000u\000r}{subsection.3.37}% 54
\BOOKMARK [3][-]{subsubsection.3.37.2}{\376\377\0003\000.\0003\0007\000.\0002\000\040\000D\000o\000c\000u\000m\000e\000n\000t\000a\000t\000i\000o\000n\000\040\000d\000e\000s\000\040\000f\000o\000n\000c\000t\000i\000o\000n\000s\000\040\000m\000e\000m\000b\000r\000e\000s}{subsection.3.37}% 55
\BOOKMARK [2][-]{subsection.3.38}{\376\377\0003\000.\0003\0008\000\040\000R\000\351\000f\000\351\000r\000e\000n\000c\000e\000\040\000d\000e\000\040\000l\000a\000\040\000c\000l\000a\000s\000s\000e\000\040\000S\000c\000h\000e\000d\000u\000l\000e\000r}{section.3}% 56
\BOOKMARK [2][-]{subsection.3.39}{\376\377\0003\000.\0003\0009\000\040\000R\000\351\000f\000\351\000r\000e\000n\000c\000e\000\040\000d\000e\000\040\000l\000a\000\040\000s\000t\000r\000u\000c\000t\000u\000r\000e\000\040\000s\000c\000n\000h\000d\000r}{section.3}% 57
\BOOKMARK [2][-]{subsection.3.40}{\376\377\0003\000.\0004\0000\000\040\000R\000\351\000f\000\351\000r\000e\000n\000c\000e\000\040\000d\000e\000\040\000l\000a\000\040\000s\000t\000r\000u\000c\000t\000u\000r\000e\000\040\000s\000e\000g\000m\000e\000n\000t}{section.3}% 58
\BOOKMARK [2][-]{subsection.3.41}{\376\377\0003\000.\0004\0001\000\040\000R\000\351\000f\000\351\000r\000e\000n\000c\000e\000\040\000d\000e\000\040\000l\000a\000\040\000c\000l\000a\000s\000s\000e\000\040\000S\000e\000m\000a\000p\000h\000o\000r\000e}{section.3}% 59
\BOOKMARK [3][-]{subsubsection.3.41.1}{\376\377\0003\000.\0004\0001\000.\0001\000\040\000D\000o\000c\000u\000m\000e\000n\000t\000a\000t\000i\000o\000n\000\040\000d\000e\000s\000\040\000c\000o\000n\000s\000t\000r\000u\000c\000t\000e\000u\000r\000s\000\040\000e\000t\000\040\000d\000e\000s\000t\000r\000u\000c\000t\000e\000u\000r}{subsection.3.41}% 60
\BOOKMARK [3][-]{subsubsection.3.41.2}{\376\377\0003\000.\0004\0001\000.\0002\000\040\000D\000o\000c\000u\000m\000e\000n\000t\000a\000t\000i\000o\000n\000\040\000d\000e\000s\000\040\000f\000o\000n\000c\000t\000i\000o\000n\000s\000\040\000m\000e\000m\000b\000r\000e\000s}{subsection.3.41}% 61
\BOOKMARK [2][-]{subsection.3.42}{\376\377\0003\000.\0004\0002\000\040\000R\000\351\000f\000\351\000r\000e\000n\000c\000e\000\040\000d\000e\000\040\000l\000a\000\040\000c\000l\000a\000s\000s\000e\000\040\000S\000t\000a\000t\000i\000s\000t\000i\000c\000s}{section.3}% 62
\BOOKMARK [2][-]{subsection.3.43}{\376\377\0003\000.\0004\0003\000\040\000R\000\351\000f\000\351\000r\000e\000n\000c\000e\000\040\000d\000e\000\040\000l\000a\000\040\000s\000t\000r\000u\000c\000t\000u\000r\000e\000\040\000s\000t\000r\000u\000c\000t\000T\000e\000s\000t\000C\000o\000n\000d}{section.3}% 63
\BOOKMARK [2][-]{subsection.3.44}{\376\377\0003\000.\0004\0004\000\040\000R\000\351\000f\000\351\000r\000e\000n\000c\000e\000\040\000d\000e\000\040\000l\000a\000\040\000c\000l\000a\000s\000s\000e\000\040\000S\000y\000n\000c\000h\000C\000o\000n\000s\000o\000l\000e}{section.3}% 64
\BOOKMARK [3][-]{subsubsection.3.44.1}{\376\377\0003\000.\0004\0004\000.\0001\000\040\000D\000e\000s\000c\000r\000i\000p\000t\000i\000o\000n\000\040\000d\000\351\000t\000a\000i\000l\000l\000\351\000e}{subsection.3.44}% 65
\BOOKMARK [3][-]{subsubsection.3.44.2}{\376\377\0003\000.\0004\0004\000.\0002\000\040\000D\000o\000c\000u\000m\000e\000n\000t\000a\000t\000i\000o\000n\000\040\000d\000e\000s\000\040\000c\000o\000n\000s\000t\000r\000u\000c\000t\000e\000u\000r\000s\000\040\000e\000t\000\040\000d\000e\000s\000t\000r\000u\000c\000t\000e\000u\000r}{subsection.3.44}% 66
\BOOKMARK [3][-]{subsubsection.3.44.3}{\376\377\0003\000.\0004\0004\000.\0003\000\040\000D\000o\000c\000u\000m\000e\000n\000t\000a\000t\000i\000o\000n\000\040\000d\000e\000s\000\040\000f\000o\000n\000c\000t\000i\000o\000n\000s\000\040\000m\000e\000m\000b\000r\000e\000s}{subsection.3.44}% 67
\BOOKMARK [2][-]{subsection.3.45}{\376\377\0003\000.\0004\0005\000\040\000R\000\351\000f\000\351\000r\000e\000n\000c\000e\000\040\000d\000e\000\040\000l\000a\000\040\000c\000l\000a\000s\000s\000e\000\040\000S\000y\000n\000c\000h\000D\000i\000s\000k}{section.3}% 68
\BOOKMARK [2][-]{subsection.3.46}{\376\377\0003\000.\0004\0006\000\040\000R\000\351\000f\000\351\000r\000e\000n\000c\000e\000\040\000d\000e\000\040\000l\000a\000\040\000c\000l\000a\000s\000s\000e\000\040\000S\000y\000n\000c\000h\000L\000i\000s\000t}{section.3}% 69
\BOOKMARK [2][-]{subsection.3.47}{\376\377\0003\000.\0004\0007\000\040\000R\000\351\000f\000\351\000r\000e\000n\000c\000e\000\040\000d\000e\000\040\000l\000a\000\040\000c\000l\000a\000s\000s\000e\000\040\000T\000h\000r\000e\000a\000d}{section.3}% 70
\BOOKMARK [3][-]{subsubsection.3.47.1}{\376\377\0003\000.\0004\0007\000.\0001\000\040\000D\000o\000c\000u\000m\000e\000n\000t\000a\000t\000i\000o\000n\000\040\000d\000e\000s\000\040\000f\000o\000n\000c\000t\000i\000o\000n\000s\000\040\000m\000e\000m\000b\000r\000e\000s}{subsection.3.47}% 71
\BOOKMARK [2][-]{subsection.3.48}{\376\377\0003\000.\0004\0008\000\040\000R\000\351\000f\000\351\000r\000e\000n\000c\000e\000\040\000d\000e\000\040\000l\000a\000\040\000c\000l\000a\000s\000s\000e\000\040\000T\000i\000m\000e\000r}{section.3}% 72
\BOOKMARK [2][-]{subsection.3.49}{\376\377\0003\000.\0004\0009\000\040\000R\000\351\000f\000\351\000r\000e\000n\000c\000e\000\040\000d\000e\000\040\000l\000a\000\040\000c\000l\000a\000s\000s\000e\000\040\000T\000r\000a\000n\000s\000l\000a\000t\000i\000o\000n\000E\000n\000t\000r\000y}{section.3}% 73
\BOOKMARK [2][-]{subsection.3.50}{\376\377\0003\000.\0005\0000\000\040\000R\000\351\000f\000\351\000r\000e\000n\000c\000e\000\040\000d\000e\000\040\000l\000a\000\040\000s\000t\000r\000u\000c\000t\000u\000r\000e\000\040\000u\000s\000e\000r\000T\000h\000r\000e\000a\000d\000P\000a\000r\000a\000m\000s}{section.3}% 74
\BOOKMARK [3][-]{subsubsection.3.50.1}{\376\377\0003\000.\0005\0000\000.\0001\000\040\000D\000e\000s\000c\000r\000i\000p\000t\000i\000o\000n\000\040\000d\000\351\000t\000a\000i\000l\000l\000\351\000e}{subsection.3.50}% 75
\BOOKMARK [1][-]{section.4}{\376\377\0004\000\040\000D\000o\000c\000u\000m\000e\000n\000t\000a\000t\000i\000o\000n\000\040\000d\000e\000s\000\040\000f\000i\000c\000h\000i\000e\000r\000s}{}% 76
\BOOKMARK [2][-]{subsection.4.1}{\376\377\0004\000.\0001\000\040\000R\000\351\000f\000\351\000r\000e\000n\000c\000e\000\040\000d\000u\000\040\000f\000i\000c\000h\000i\000e\000r\000\040\000f\000i\000l\000e\000s\000y\000s\000/\000d\000i\000r\000e\000c\000t\000o\000r\000y\000.\000c\000c}{section.4}% 77
\BOOKMARK [3][-]{subsubsection.4.1.1}{\376\377\0004\000.\0001\000.\0001\000\040\000D\000e\000s\000c\000r\000i\000p\000t\000i\000o\000n\000\040\000d\000\351\000t\000a\000i\000l\000l\000\351\000e}{subsection.4.1}% 78
\BOOKMARK [2][-]{subsection.4.2}{\376\377\0004\000.\0002\000\040\000R\000\351\000f\000\351\000r\000e\000n\000c\000e\000\040\000d\000u\000\040\000f\000i\000c\000h\000i\000e\000r\000\040\000f\000i\000l\000e\000s\000y\000s\000/\000d\000i\000r\000e\000c\000t\000o\000r\000y\000.\000h}{section.4}% 79
\BOOKMARK [3][-]{subsubsection.4.2.1}{\376\377\0004\000.\0002\000.\0001\000\040\000D\000e\000s\000c\000r\000i\000p\000t\000i\000o\000n\000\040\000d\000\351\000t\000a\000i\000l\000l\000\351\000e}{subsection.4.2}% 80
\BOOKMARK [2][-]{subsection.4.3}{\376\377\0004\000.\0003\000\040\000R\000\351\000f\000\351\000r\000e\000n\000c\000e\000\040\000d\000u\000\040\000f\000i\000c\000h\000i\000e\000r\000\040\000f\000i\000l\000e\000s\000y\000s\000/\000f\000i\000l\000e\000h\000d\000r\000.\000c\000c}{section.4}% 81
\BOOKMARK [3][-]{subsubsection.4.3.1}{\376\377\0004\000.\0003\000.\0001\000\040\000D\000e\000s\000c\000r\000i\000p\000t\000i\000o\000n\000\040\000d\000\351\000t\000a\000i\000l\000l\000\351\000e}{subsection.4.3}% 82
\BOOKMARK [2][-]{subsection.4.4}{\376\377\0004\000.\0004\000\040\000R\000\351\000f\000\351\000r\000e\000n\000c\000e\000\040\000d\000u\000\040\000f\000i\000c\000h\000i\000e\000r\000\040\000f\000i\000l\000e\000s\000y\000s\000/\000f\000i\000l\000e\000h\000d\000r\000.\000h}{section.4}% 83
\BOOKMARK [3][-]{subsubsection.4.4.1}{\376\377\0004\000.\0004\000.\0001\000\040\000D\000e\000s\000c\000r\000i\000p\000t\000i\000o\000n\000\040\000d\000\351\000t\000a\000i\000l\000l\000\351\000e}{subsection.4.4}% 84
\BOOKMARK [2][-]{subsection.4.5}{\376\377\0004\000.\0005\000\040\000R\000\351\000f\000\351\000r\000e\000n\000c\000e\000\040\000d\000u\000\040\000f\000i\000c\000h\000i\000e\000r\000\040\000f\000i\000l\000e\000s\000y\000s\000/\000f\000i\000l\000e\000m\000a\000p\000.\000c\000c}{section.4}% 85
\BOOKMARK [3][-]{subsubsection.4.5.1}{\376\377\0004\000.\0005\000.\0001\000\040\000D\000e\000s\000c\000r\000i\000p\000t\000i\000o\000n\000\040\000d\000\351\000t\000a\000i\000l\000l\000\351\000e}{subsection.4.5}% 86
\BOOKMARK [2][-]{subsection.4.6}{\376\377\0004\000.\0006\000\040\000R\000\351\000f\000\351\000r\000e\000n\000c\000e\000\040\000d\000u\000\040\000f\000i\000c\000h\000i\000e\000r\000\040\000f\000i\000l\000e\000s\000y\000s\000/\000f\000i\000l\000e\000m\000a\000p\000.\000h}{section.4}% 87
\BOOKMARK [3][-]{subsubsection.4.6.1}{\376\377\0004\000.\0006\000.\0001\000\040\000D\000e\000s\000c\000r\000i\000p\000t\000i\000o\000n\000\040\000d\000\351\000t\000a\000i\000l\000l\000\351\000e}{subsection.4.6}% 88
\BOOKMARK [2][-]{subsection.4.7}{\376\377\0004\000.\0007\000\040\000R\000\351\000f\000\351\000r\000e\000n\000c\000e\000\040\000d\000u\000\040\000f\000i\000c\000h\000i\000e\000r\000\040\000f\000i\000l\000e\000s\000y\000s\000/\000f\000i\000l\000e\000s\000y\000s\000.\000h}{section.4}% 89
\BOOKMARK [3][-]{subsubsection.4.7.1}{\376\377\0004\000.\0007\000.\0001\000\040\000D\000e\000s\000c\000r\000i\000p\000t\000i\000o\000n\000\040\000d\000\351\000t\000a\000i\000l\000l\000\351\000e}{subsection.4.7}% 90
\BOOKMARK [2][-]{subsection.4.8}{\376\377\0004\000.\0008\000\040\000R\000\351\000f\000\351\000r\000e\000n\000c\000e\000\040\000d\000u\000\040\000f\000i\000c\000h\000i\000e\000r\000\040\000t\000e\000s\000t\000/\000a\000s\000y\000n\000c\000h\000s\000t\000r\000i\000n\000g\000t\000e\000s\000t\000.\000c}{section.4}% 91
\BOOKMARK [3][-]{subsubsection.4.8.1}{\376\377\0004\000.\0008\000.\0001\000\040\000D\000e\000s\000c\000r\000i\000p\000t\000i\000o\000n\000\040\000d\000\351\000t\000a\000i\000l\000l\000\351\000e}{subsection.4.8}% 92
\BOOKMARK [2][-]{subsection.4.9}{\376\377\0004\000.\0009\000\040\000R\000\351\000f\000\351\000r\000e\000n\000c\000e\000\040\000d\000u\000\040\000f\000i\000c\000h\000i\000e\000r\000\040\000t\000e\000s\000t\000/\000f\000o\000r\000k\000t\000e\000s\000t\000.\000c}{section.4}% 93
\BOOKMARK [3][-]{subsubsection.4.9.1}{\376\377\0004\000.\0009\000.\0001\000\040\000D\000e\000s\000c\000r\000i\000p\000t\000i\000o\000n\000\040\000d\000\351\000t\000a\000i\000l\000l\000\351\000e}{subsection.4.9}% 94
\BOOKMARK [2][-]{subsection.4.10}{\376\377\0004\000.\0001\0000\000\040\000R\000\351\000f\000\351\000r\000e\000n\000c\000e\000\040\000d\000u\000\040\000f\000i\000c\000h\000i\000e\000r\000\040\000t\000e\000s\000t\000/\000f\000s\000s\000h\000e\000l\000l\000.\000c}{section.4}% 95
\BOOKMARK [3][-]{subsubsection.4.10.1}{\376\377\0004\000.\0001\0000\000.\0001\000\040\000D\000e\000s\000c\000r\000i\000p\000t\000i\000o\000n\000\040\000d\000\351\000t\000a\000i\000l\000l\000\351\000e}{subsection.4.10}% 96
\BOOKMARK [2][-]{subsection.4.11}{\376\377\0004\000.\0001\0001\000\040\000R\000\351\000f\000\351\000r\000e\000n\000c\000e\000\040\000d\000u\000\040\000f\000i\000c\000h\000i\000e\000r\000\040\000t\000e\000s\000t\000/\000h\000a\000l\000t\000.\000c}{section.4}% 97
\BOOKMARK [3][-]{subsubsection.4.11.1}{\376\377\0004\000.\0001\0001\000.\0001\000\040\000D\000e\000s\000c\000r\000i\000p\000t\000i\000o\000n\000\040\000d\000\351\000t\000a\000i\000l\000l\000\351\000e}{subsection.4.11}% 98
\BOOKMARK [2][-]{subsection.4.12}{\376\377\0004\000.\0001\0002\000\040\000R\000\351\000f\000\351\000r\000e\000n\000c\000e\000\040\000d\000u\000\040\000f\000i\000c\000h\000i\000e\000r\000\040\000t\000e\000s\000t\000/\000i\000n\000t\000t\000e\000s\000t\000.\000c}{section.4}% 99
\BOOKMARK [3][-]{subsubsection.4.12.1}{\376\377\0004\000.\0001\0002\000.\0001\000\040\000D\000e\000s\000c\000r\000i\000p\000t\000i\000o\000n\000\040\000d\000\351\000t\000a\000i\000l\000l\000\351\000e}{subsection.4.12}% 100
\BOOKMARK [2][-]{subsection.4.13}{\376\377\0004\000.\0001\0003\000\040\000R\000\351\000f\000\351\000r\000e\000n\000c\000e\000\040\000d\000u\000\040\000f\000i\000c\000h\000i\000e\000r\000\040\000t\000e\000s\000t\000/\000p\000u\000t\000c\000h\000a\000r\000.\000c}{section.4}% 101
\BOOKMARK [3][-]{subsubsection.4.13.1}{\376\377\0004\000.\0001\0003\000.\0001\000\040\000D\000e\000s\000c\000r\000i\000p\000t\000i\000o\000n\000\040\000d\000\351\000t\000a\000i\000l\000l\000\351\000e}{subsection.4.13}% 102
\BOOKMARK [2][-]{subsection.4.14}{\376\377\0004\000.\0001\0004\000\040\000R\000\351\000f\000\351\000r\000e\000n\000c\000e\000\040\000d\000u\000\040\000f\000i\000c\000h\000i\000e\000r\000\040\000t\000e\000s\000t\000/\000p\000u\000t\000c\000h\000a\000r\000t\000e\000s\000t\000.\000c}{section.4}% 103
\BOOKMARK [3][-]{subsubsection.4.14.1}{\376\377\0004\000.\0001\0004\000.\0001\000\040\000D\000e\000s\000c\000r\000i\000p\000t\000i\000o\000n\000\040\000d\000\351\000t\000a\000i\000l\000l\000\351\000e}{subsection.4.14}% 104
\BOOKMARK [2][-]{subsection.4.15}{\376\377\0004\000.\0001\0005\000\040\000R\000\351\000f\000\351\000r\000e\000n\000c\000e\000\040\000d\000u\000\040\000f\000i\000c\000h\000i\000e\000r\000\040\000t\000e\000s\000t\000/\000s\000e\000m\000a\000p\000h\000o\000r\000e\000.\000c}{section.4}% 105
\BOOKMARK [3][-]{subsubsection.4.15.1}{\376\377\0004\000.\0001\0005\000.\0001\000\040\000D\000e\000s\000c\000r\000i\000p\000t\000i\000o\000n\000\040\000d\000\351\000t\000a\000i\000l\000l\000\351\000e}{subsection.4.15}% 106
\BOOKMARK [2][-]{subsection.4.16}{\376\377\0004\000.\0001\0006\000\040\000R\000\351\000f\000\351\000r\000e\000n\000c\000e\000\040\000d\000u\000\040\000f\000i\000c\000h\000i\000e\000r\000\040\000t\000e\000s\000t\000/\000s\000h\000e\000l\000l\000.\000c}{section.4}% 107
\BOOKMARK [3][-]{subsubsection.4.16.1}{\376\377\0004\000.\0001\0006\000.\0001\000\040\000D\000e\000s\000c\000r\000i\000p\000t\000i\000o\000n\000\040\000d\000\351\000t\000a\000i\000l\000l\000\351\000e}{subsection.4.16}% 108
\BOOKMARK [2][-]{subsection.4.17}{\376\377\0004\000.\0001\0007\000\040\000R\000\351\000f\000\351\000r\000e\000n\000c\000e\000\040\000d\000u\000\040\000f\000i\000c\000h\000i\000e\000r\000\040\000t\000e\000s\000t\000/\000s\000t\000r\000i\000n\000g\000t\000e\000s\000t\000.\000c}{section.4}% 109
\BOOKMARK [3][-]{subsubsection.4.17.1}{\376\377\0004\000.\0001\0007\000.\0001\000\040\000D\000e\000s\000c\000r\000i\000p\000t\000i\000o\000n\000\040\000d\000\351\000t\000a\000i\000l\000l\000\351\000e}{subsection.4.17}% 110
\BOOKMARK [2][-]{subsection.4.18}{\376\377\0004\000.\0001\0008\000\040\000R\000\351\000f\000\351\000r\000e\000n\000c\000e\000\040\000d\000u\000\040\000f\000i\000c\000h\000i\000e\000r\000\040\000t\000e\000s\000t\000/\000t\000e\000t\000r\000i\000s\000.\000c}{section.4}% 111
\BOOKMARK [3][-]{subsubsection.4.18.1}{\376\377\0004\000.\0001\0008\000.\0001\000\040\000D\000e\000s\000c\000r\000i\000p\000t\000i\000o\000n\000\040\000d\000\351\000t\000a\000i\000l\000l\000\351\000e}{subsection.4.18}% 112
\BOOKMARK [2][-]{subsection.4.19}{\376\377\0004\000.\0001\0009\000\040\000R\000\351\000f\000\351\000r\000e\000n\000c\000e\000\040\000d\000u\000\040\000f\000i\000c\000h\000i\000e\000r\000\040\000t\000e\000s\000t\000/\000u\000s\000e\000r\000p\000a\000g\000e\0000\000.\000c}{section.4}% 113
\BOOKMARK [3][-]{subsubsection.4.19.1}{\376\377\0004\000.\0001\0009\000.\0001\000\040\000D\000e\000s\000c\000r\000i\000p\000t\000i\000o\000n\000\040\000d\000\351\000t\000a\000i\000l\000l\000\351\000e}{subsection.4.19}% 114
\BOOKMARK [2][-]{subsection.4.20}{\376\377\0004\000.\0002\0000\000\040\000R\000\351\000f\000\351\000r\000e\000n\000c\000e\000\040\000d\000u\000\040\000f\000i\000c\000h\000i\000e\000r\000\040\000t\000h\000r\000e\000a\000d\000s\000/\000s\000y\000n\000c\000h\000.\000c\000c}{section.4}% 115
\BOOKMARK [3][-]{subsubsection.4.20.1}{\376\377\0004\000.\0002\0000\000.\0001\000\040\000D\000e\000s\000c\000r\000i\000p\000t\000i\000o\000n\000\040\000d\000\351\000t\000a\000i\000l\000l\000\351\000e}{subsection.4.20}% 116
\BOOKMARK [2][-]{subsection.4.21}{\376\377\0004\000.\0002\0001\000\040\000R\000\351\000f\000\351\000r\000e\000n\000c\000e\000\040\000d\000u\000\040\000f\000i\000c\000h\000i\000e\000r\000\040\000u\000s\000e\000r\000p\000r\000o\000g\000/\000a\000d\000d\000r\000s\000p\000a\000c\000e\000.\000h}{section.4}% 117
\BOOKMARK [3][-]{subsubsection.4.21.1}{\376\377\0004\000.\0002\0001\000.\0001\000\040\000D\000e\000s\000c\000r\000i\000p\000t\000i\000o\000n\000\040\000d\000\351\000t\000a\000i\000l\000l\000\351\000e}{subsection.4.21}% 118
\BOOKMARK [2][-]{subsection.4.22}{\376\377\0004\000.\0002\0002\000\040\000R\000\351\000f\000\351\000r\000e\000n\000c\000e\000\040\000d\000u\000\040\000f\000i\000c\000h\000i\000e\000r\000\040\000u\000s\000e\000r\000p\000r\000o\000g\000/\000e\000x\000c\000e\000p\000t\000i\000o\000n\000.\000c\000c}{section.4}% 119
\BOOKMARK [3][-]{subsubsection.4.22.1}{\376\377\0004\000.\0002\0002\000.\0001\000\040\000D\000e\000s\000c\000r\000i\000p\000t\000i\000o\000n\000\040\000d\000\351\000t\000a\000i\000l\000l\000\351\000e}{subsection.4.22}% 120
\BOOKMARK [2][-]{subsection.4.23}{\376\377\0004\000.\0002\0003\000\040\000R\000\351\000f\000\351\000r\000e\000n\000c\000e\000\040\000d\000u\000\040\000f\000i\000c\000h\000i\000e\000r\000\040\000u\000s\000e\000r\000p\000r\000o\000g\000/\000I\000z\000i\000A\000s\000s\000e\000r\000t\000.\000h}{section.4}% 121
\BOOKMARK [3][-]{subsubsection.4.23.1}{\376\377\0004\000.\0002\0003\000.\0001\000\040\000D\000e\000s\000c\000r\000i\000p\000t\000i\000o\000n\000\040\000d\000\351\000t\000a\000i\000l\000l\000\351\000e}{subsection.4.23}% 122
\BOOKMARK [2][-]{subsection.4.24}{\376\377\0004\000.\0002\0004\000\040\000R\000\351\000f\000\351\000r\000e\000n\000c\000e\000\040\000d\000u\000\040\000f\000i\000c\000h\000i\000e\000r\000\040\000u\000s\000e\000r\000p\000r\000o\000g\000/\000s\000y\000n\000c\000h\000c\000o\000n\000s\000o\000l\000e\000.\000c\000c}{section.4}% 123
\BOOKMARK [3][-]{subsubsection.4.24.1}{\376\377\0004\000.\0002\0004\000.\0001\000\040\000D\000e\000s\000c\000r\000i\000p\000t\000i\000o\000n\000\040\000d\000\351\000t\000a\000i\000l\000l\000\351\000e}{subsection.4.24}% 124
\BOOKMARK [2][-]{subsection.4.25}{\376\377\0004\000.\0002\0005\000\040\000R\000\351\000f\000\351\000r\000e\000n\000c\000e\000\040\000d\000u\000\040\000f\000i\000c\000h\000i\000e\000r\000\040\000u\000s\000e\000r\000p\000r\000o\000g\000/\000s\000y\000n\000c\000h\000c\000o\000n\000s\000o\000l\000e\000.\000h}{section.4}% 125
\BOOKMARK [3][-]{subsubsection.4.25.1}{\376\377\0004\000.\0002\0005\000.\0001\000\040\000D\000e\000s\000c\000r\000i\000p\000t\000i\000o\000n\000\040\000d\000\351\000t\000a\000i\000l\000l\000\351\000e}{subsection.4.25}% 126
\BOOKMARK [2][-]{subsection.4.26}{\376\377\0004\000.\0002\0006\000\040\000R\000\351\000f\000\351\000r\000e\000n\000c\000e\000\040\000d\000u\000\040\000f\000i\000c\000h\000i\000e\000r\000\040\000u\000s\000e\000r\000p\000r\000o\000g\000/\000s\000y\000s\000c\000a\000l\000l\000.\000h}{section.4}% 127
\BOOKMARK [3][-]{subsubsection.4.26.1}{\376\377\0004\000.\0002\0006\000.\0001\000\040\000D\000e\000s\000c\000r\000i\000p\000t\000i\000o\000n\000\040\000d\000\351\000t\000a\000i\000l\000l\000\351\000e}{subsection.4.26}% 128
\BOOKMARK [2][-]{subsection.4.27}{\376\377\0004\000.\0002\0007\000\040\000R\000\351\000f\000\351\000r\000e\000n\000c\000e\000\040\000d\000u\000\040\000f\000i\000c\000h\000i\000e\000r\000\040\000u\000s\000e\000r\000p\000r\000o\000g\000/\000u\000s\000e\000r\000s\000e\000m\000a\000p\000h\000o\000r\000e\000.\000h}{section.4}% 129
\BOOKMARK [3][-]{subsubsection.4.27.1}{\376\377\0004\000.\0002\0007\000.\0001\000\040\000D\000e\000s\000c\000r\000i\000p\000t\000i\000o\000n\000\040\000d\000\351\000t\000a\000i\000l\000l\000\351\000e}{subsection.4.27}% 130
\BOOKMARK [3][-]{subsubsection.4.27.2}{\376\377\0004\000.\0002\0007\000.\0002\000\040\000D\000o\000c\000u\000m\000e\000n\000t\000a\000t\000i\000o\000n\000\040\000d\000e\000s\000\040\000f\000o\000n\000c\000t\000i\000o\000n\000s}{subsection.4.27}% 131
\BOOKMARK [2][-]{subsection.4.28}{\376\377\0004\000.\0002\0008\000\040\000R\000\351\000f\000\351\000r\000e\000n\000c\000e\000\040\000d\000u\000\040\000f\000i\000c\000h\000i\000e\000r\000\040\000u\000s\000e\000r\000p\000r\000o\000g\000/\000u\000s\000e\000r\000t\000h\000r\000e\000a\000d\000.\000c\000c}{section.4}% 132
\BOOKMARK [3][-]{subsubsection.4.28.1}{\376\377\0004\000.\0002\0008\000.\0001\000\040\000D\000e\000s\000c\000r\000i\000p\000t\000i\000o\000n\000\040\000d\000\351\000t\000a\000i\000l\000l\000\351\000e}{subsection.4.28}% 133
\BOOKMARK [3][-]{subsubsection.4.28.2}{\376\377\0004\000.\0002\0008\000.\0002\000\040\000D\000o\000c\000u\000m\000e\000n\000t\000a\000t\000i\000o\000n\000\040\000d\000e\000s\000\040\000f\000o\000n\000c\000t\000i\000o\000n\000s}{subsection.4.28}% 134
\BOOKMARK [2][-]{subsection.4.29}{\376\377\0004\000.\0002\0009\000\040\000R\000\351\000f\000\351\000r\000e\000n\000c\000e\000\040\000d\000u\000\040\000f\000i\000c\000h\000i\000e\000r\000\040\000u\000s\000e\000r\000p\000r\000o\000g\000/\000u\000s\000e\000r\000t\000h\000r\000e\000a\000d\000.\000h}{section.4}% 135
\BOOKMARK [3][-]{subsubsection.4.29.1}{\376\377\0004\000.\0002\0009\000.\0001\000\040\000D\000e\000s\000c\000r\000i\000p\000t\000i\000o\000n\000\040\000d\000\351\000t\000a\000i\000l\000l\000\351\000e}{subsection.4.29}% 136
\BOOKMARK [3][-]{subsubsection.4.29.2}{\376\377\0004\000.\0002\0009\000.\0002\000\040\000D\000o\000c\000u\000m\000e\000n\000t\000a\000t\000i\000o\000n\000\040\000d\000e\000s\000\040\000f\000o\000n\000c\000t\000i\000o\000n\000s}{subsection.4.29}% 137
\BOOKMARK [1][-]{section*.139}{\376\377\000I\000n\000d\000e\000x}{}% 138
